# JRE version: Java(TM) SE Runtime Environment (8.0_162-b12) (build 1.8.0_162-b12)
# Java VM: Java HotSpot(TM) 64-Bit Server VM (25.162-b12 mixed mode windows-amd64 compressed oops)
Heap:
 PSYoungGen      total 132608K, used 22862K [0x000000076bd00000, 0x0000000777300000, 0x00000007c0000000)
  eden space 119296K, 19% used [0x000000076bd00000,0x000000076d353b38,0x0000000773180000)
  from space 13312K, 0% used [0x0000000773180000,0x0000000773180000,0x0000000773e80000)
  to   space 15872K, 0% used [0x0000000776380000,0x0000000776380000,0x0000000777300000)
 ParOldGen       total 186880K, used 22160K [0x00000006c3600000, 0x00000006cec80000, 0x000000076bd00000)
  object space 186880K, 11% used [0x00000006c3600000,0x00000006c4ba4248,0x00000006cec80000)
 Metaspace       used 59779K, capacity 63436K, committed 63768K, reserved 1103872K
  class space    used 8201K, capacity 8862K, committed 8984K, reserved 1048576K
GC Heap History (10 events):
Event: 2.352 GC heap before
{Heap before GC invocations=6 (full 2):
 PSYoungGen      total 100864K, used 7288K [0x000000076bd00000, 0x0000000772a80000, 0x00000007c0000000)
  eden space 90112K, 0% used [0x000000076bd00000,0x000000076bd00000,0x0000000771500000)
  from space 10752K, 67% used [0x0000000771f80000,0x000000077269e368,0x0000000772a00000)
  to   space 10752K, 0% used [0x0000000771500000,0x0000000771500000,0x0000000771f80000)
 ParOldGen       total 116736K, used 11171K [0x00000006c3600000, 0x00000006ca800000, 0x000000076bd00000)
  object space 116736K, 9% used [0x00000006c3600000,0x00000006c40e8ce0,0x00000006ca800000)
 Metaspace       used 34000K, capacity 35362K, committed 35496K, reserved 1081344K
  class space    used 4256K, capacity 4571K, committed 4656K, reserved 1048576K
Event: 2.371 GC heap after
Heap after GC invocations=6 (full 2):
 PSYoungGen      total 100864K, used 0K [0x000000076bd00000, 0x0000000772a80000, 0x00000007c0000000)
  eden space 90112K, 0% used [0x000000076bd00000,0x000000076bd00000,0x0000000771500000)
  from space 10752K, 0% used [0x0000000771f80000,0x0000000771f80000,0x0000000772a00000)
  to   space 10752K, 0% used [0x0000000771500000,0x0000000771500000,0x0000000771f80000)
 ParOldGen       total 186880K, used 13156K [0x00000006c3600000, 0x00000006cec80000, 0x000000076bd00000)
  object space 186880K, 7% used [0x00000006c3600000,0x00000006c42d93a8,0x00000006cec80000)
 Metaspace       used 34000K, capacity 35362K, committed 35496K, reserved 1081344K
  class space    used 4256K, capacity 4571K, committed 4656K, reserved 1048576K
}
Event: 3.199 GC heap before
{Heap before GC invocations=7 (full 2):
 PSYoungGen      total 100864K, used 90112K [0x000000076bd00000, 0x0000000772a80000, 0x00000007c0000000)
  eden space 90112K, 100% used [0x000000076bd00000,0x0000000771500000,0x0000000771500000)
  from space 10752K, 0% used [0x0000000771f80000,0x0000000771f80000,0x0000000772a00000)
  to   space 10752K, 0% used [0x0000000771500000,0x0000000771500000,0x0000000771f80000)
 ParOldGen       total 186880K, used 13156K [0x00000006c3600000, 0x00000006cec80000, 0x000000076bd00000)
  object space 186880K, 7% used [0x00000006c3600000,0x00000006c42d93a8,0x00000006cec80000)
 Metaspace       used 41584K, capacity 43814K, committed 43824K, reserved 1087488K
  class space    used 5450K, capacity 5932K, committed 5936K, reserved 1048576K
Event: 3.205 GC heap after
Heap after GC invocations=7 (full 2):
 PSYoungGen      total 100864K, used 8145K [0x000000076bd00000, 0x0000000774b80000, 0x00000007c0000000)
  eden space 90112K, 0% used [0x000000076bd00000,0x000000076bd00000,0x0000000771500000)
  from space 10752K, 75% used [0x0000000771500000,0x0000000771cf4648,0x0000000771f80000)
  to   space 12288K, 0% used [0x0000000773f80000,0x0000000773f80000,0x0000000774b80000)
 ParOldGen       total 186880K, used 13164K [0x00000006c3600000, 0x00000006cec80000, 0x000000076bd00000)
  object space 186880K, 7% used [0x00000006c3600000,0x00000006c42db3a8,0x00000006cec80000)
 Metaspace       used 41584K, capacity 43814K, committed 43824K, reserved 1087488K
  class space    used 5450K, capacity 5932K, committed 5936K, reserved 1048576K
}
Event: 3.735 GC heap before
{Heap before GC invocations=8 (full 2):
 PSYoungGen      total 100864K, used 98257K [0x000000076bd00000, 0x0000000774b80000, 0x00000007c0000000)
  eden space 90112K, 100% used [0x000000076bd00000,0x0000000771500000,0x0000000771500000)
  from space 10752K, 75% used [0x0000000771500000,0x0000000771cf4648,0x0000000771f80000)
  to   space 12288K, 0% used [0x0000000773f80000,0x0000000773f80000,0x0000000774b80000)
 ParOldGen       total 186880K, used 13164K [0x00000006c3600000, 0x00000006cec80000, 0x000000076bd00000)
  object space 186880K, 7% used [0x00000006c3600000,0x00000006c42db3a8,0x00000006cec80000)
 Metaspace       used 43532K, capacity 46172K, committed 46256K, reserved 1089536K
  class space    used 5668K, capacity 6244K, committed 6320K, reserved 1048576K
Event: 3.739 GC heap after
Heap after GC invocations=8 (full 2):
 PSYoungGen      total 131584K, used 3817K [0x000000076bd00000, 0x0000000774b80000, 0x00000007c0000000)
  eden space 119296K, 0% used [0x000000076bd00000,0x000000076bd00000,0x0000000773180000)
  from space 12288K, 31% used [0x0000000773f80000,0x000000077433a558,0x0000000774b80000)
  to   space 13312K, 0% used [0x0000000773180000,0x0000000773180000,0x0000000773e80000)
 ParOldGen       total 186880K, used 13172K [0x00000006c3600000, 0x00000006cec80000, 0x000000076bd00000)
  object space 186880K, 7% used [0x00000006c3600000,0x00000006c42dd3a8,0x00000006cec80000)
 Metaspace       used 43532K, capacity 46172K, committed 46256K, reserved 1089536K
  class space    used 5668K, capacity 6244K, committed 6320K, reserved 1048576K
}
Event: 6.155 GC heap before
{Heap before GC invocations=9 (full 2):
 PSYoungGen      total 131584K, used 105197K [0x000000076bd00000, 0x0000000774b80000, 0x00000007c0000000)
  eden space 119296K, 84% used [0x000000076bd00000,0x0000000772001260,0x0000000773180000)
  from space 12288K, 31% used [0x0000000773f80000,0x000000077433a558,0x0000000774b80000)
  to   space 13312K, 0% used [0x0000000773180000,0x0000000773180000,0x0000000773e80000)
 ParOldGen       total 186880K, used 13172K [0x00000006c3600000, 0x00000006cec80000, 0x000000076bd00000)
  object space 186880K, 7% used [0x00000006c3600000,0x00000006c42dd3a8,0x00000006cec80000)
 Metaspace       used 55767K, capacity 59086K, committed 59160K, reserved 1099776K
  class space    used 7534K, capacity 8210K, committed 8216K, reserved 1048576K
Event: 6.164 GC heap after
Heap after GC invocations=9 (full 2):
 PSYoungGen      total 132608K, used 13300K [0x000000076bd00000, 0x0000000777300000, 0x00000007c0000000)
  eden space 119296K, 0% used [0x000000076bd00000,0x000000076bd00000,0x0000000773180000)
  from space 13312K, 99% used [0x0000000773180000,0x0000000773e7d000,0x0000000773e80000)
  to   space 15872K, 0% used [0x0000000776380000,0x0000000776380000,0x0000000777300000)
 ParOldGen       total 186880K, used 14633K [0x00000006c3600000, 0x00000006cec80000, 0x000000076bd00000)
  object space 186880K, 7% used [0x00000006c3600000,0x00000006c444a760,0x00000006cec80000)
 Metaspace       used 55767K, capacity 59086K, committed 59160K, reserved 1099776K
  class space    used 7534K, capacity 8210K, committed 8216K, reserved 1048576K
}
Event: 6.164 GC heap before
{Heap before GC invocations=10 (full 3):
 PSYoungGen      total 132608K, used 13300K [0x000000076bd00000, 0x0000000777300000, 0x00000007c0000000)
  eden space 119296K, 0% used [0x000000076bd00000,0x000000076bd00000,0x0000000773180000)
  from space 13312K, 99% used [0x0000000773180000,0x0000000773e7d000,0x0000000773e80000)
  to   space 15872K, 0% used [0x0000000776380000,0x0000000776380000,0x0000000777300000)
 ParOldGen       total 186880K, used 14633K [0x00000006c3600000, 0x00000006cec80000, 0x000000076bd00000)
  object space 186880K, 7% used [0x00000006c3600000,0x00000006c444a760,0x00000006cec80000)
 Metaspace       used 55767K, capacity 59086K, committed 59160K, reserved 1099776K
  class space    used 7534K, capacity 8210K, committed 8216K, reserved 1048576K
Event: 6.239 GC heap after
Heap after GC invocations=10 (full 3):
 PSYoungGen      total 132608K, used 0K [0x000000076bd00000, 0x0000000777300000, 0x00000007c0000000)
  eden space 119296K, 0% used [0x000000076bd00000,0x000000076bd00000,0x0000000773180000)
  from space 13312K, 0% used [0x0000000773180000,0x0000000773180000,0x0000000773e80000)
  to   space 15872K, 0% used [0x0000000776380000,0x0000000776380000,0x0000000777300000)
 ParOldGen       total 186880K, used 22160K [0x00000006c3600000, 0x00000006cec80000, 0x000000076bd00000)
  object space 186880K, 11% used [0x00000006c3600000,0x00000006c4ba4248,0x00000006cec80000)
 Metaspace       used 55613K, capacity 58820K, committed 59160K, reserved 1099776K
  class space    used 7514K, capacity 8144K, committed 8216K, reserved 1048576K
}

